Arguments: 
  /Users/jonsoku/.nvm/versions/node/v16.13.2/bin/node /usr/local/Cellar/yarn/1.22.11/libexec/bin/yarn.js install

PATH: 
  /Users/jonsoku/.nvm/versions/node/v16.13.2/bin:/usr/local/opt/openjdk/bin:/usr/local/bin:/usr/bin:/bin:/usr/sbin:/sbin:/Library/Apple/usr/bin

Yarn version: 
  1.22.11

Node version: 
  16.13.2

Platform: 
  darwin x64

Trace: 
  SyntaxError: /Users/jonsoku/dev/publish-practice/package.json: Unexpected string in JSON at position 72
      at JSON.parse (<anonymous>)
      at /usr/local/Cellar/yarn/1.22.11/libexec/lib/cli.js:1625:59
      at Generator.next (<anonymous>)
      at step (/usr/local/Cellar/yarn/1.22.11/libexec/lib/cli.js:310:30)
      at /usr/local/Cellar/yarn/1.22.11/libexec/lib/cli.js:321:13

npm manifest: 
  {
    "name": "hooks",
    "version": "1.0.0",
    "description": "Made with create-react-library",
    "author": "jonsoku2",
    "license": "MIT",
    "repository": "jonsoku2/hooks",
    "main": "dist/index.js",
    "module": "dist/index.modern.js",
    "source": "src/index.tsx",
    "engines": {
      "node": ">=10"
    },
    "scripts": {
      "build": "microbundle-crl --no-compress --format modern,cjs",
      "start": "microbundle-crl watch --no-compress --format modern,cjs",
      "prepare": "run-s build",
      "test": "run-s test:unit test:lint test:build",
      "test:build": "run-s build",
      "test:lint": "eslint .",
      "test:unit": "cross-env CI=1 react-scripts test --env=jsdom",
      "test:watch": "react-scripts test --env=jsdom",
      "predeploy": "cd example && yarn install && yarn run build",
      "deploy": "gh-pages -d example/build"
    },
    "peerDependencies": {
      "react": "^16.0.0"
    },
    "devDependencies": {
      "@testing-library/jest-dom": "^4.2.4",
      "@testing-library/react": "^9.5.0",
      "@testing-library/user-event": "^7.2.1",
      "@types/jest": "^25.1.4",
      "@types/node": "^12.12.38",
      "@types/react": "^16.9.27",
      "@types/react-dom": "^16.9.7",
      "@typescript-eslint/eslint-plugin": "^2.26.0",
      "@typescript-eslint/parser": "^2.26.0",
      "microbundle-crl": "^0.13.10",
      "babel-eslint": "^10.0.3",
      "cross-env": "^7.0.2",
      "eslint": "^6.8.0",
      "eslint-config-prettier": "^6.7.0",
      "eslint-config-standard": "^14.1.0",
      "eslint-config-standard-react": "^9.2.0",
      "eslint-plugin-import": "^2.18.2",
      "eslint-plugin-node": "^11.0.0",
      "eslint-plugin-prettier": "^3.1.1",
      "eslint-plugin-promise": "^4.2.1",
      "eslint-plugin-react": "^7.17.0",
      "eslint-plugin-standard": "^4.0.1",
      "gh-pages": "^2.2.0",
      "npm-run-all": "^4.1.5",
      "prettier": "^2.0.4",
      "react": "^16.13.1",
      "react-dom": "^16.13.1",
      "react-scripts": "^3.4.1",
      "typescript": "^3.7.5"
    },
    "files": [
      "dist"
    ]
  }

yarn manifest: 
  No manifest

Lockfile: 
  No lockfile
